<?xml version="1.0" encoding="UTF-8"?>
<testng-results ignored="0" total="1" passed="1" failed="0" skipped="0">
  <reporter-output>
  </reporter-output>
  <suite started-at="2021-11-11T12:37:45 IST" name="Default suite" finished-at="2021-11-11T12:37:45 IST" duration-ms="40">
    <groups>
    </groups>
    <test started-at="2021-11-11T12:37:45 IST" name="Default test" finished-at="2021-11-11T12:37:45 IST" duration-ms="40">
      <class name="Demo1">
        <test-method signature="demo()[pri:0, instance:Demo1@7690781]" started-at="2021-11-11T12:37:45 IST" name="demo" finished-at="2021-11-11T12:37:45 IST" duration-ms="7" status="PASS">
          <reporter-output>
          </reporter-output>
        </test-method> <!-- demo -->
      </class> <!-- Demo1 -->
    </test> <!-- Default test -->
  </suite> <!-- Default suite -->
</testng-results>
